<?xml version="1.0" encoding="UTF-8"?>
<!-- Generated by org.testng.reporters.JUnitReportReporter -->
<testsuite skipped="0" hostname="FWS-CHE-LT-2454.freshworks-corp.com" name="testcases.LoginTestcase" tests="2" failures="0" timestamp="18 Oct 2020 13:33:40 GMT" time="2.116" errors="0">
  <testcase name="loginWithInvalidCredentials" time="1.052" classname="testcases.LoginTestcase"/>
  <testcase name="loginWithMobileAlone" time="1.064" classname="testcases.LoginTestcase"/>
</testsuite> <!-- testcases.LoginTestcase -->
