<?xml version="1.0" encoding="UTF-8"?>
<!-- Generated by org.testng.reporters.JUnitReportReporter -->
<testsuite skipped="0" hostname="FWS-CHE-LT-2454.freshworks-corp.com" name="testcases.SignupTestcase" tests="1" failures="0" timestamp="18 Oct 2020 13:33:40 GMT" time="3.146" errors="0">
  <testcase name="SignupWithoutAnyDetails" time="3.146" classname="testcases.SignupTestcase"/>
</testsuite> <!-- testcases.SignupTestcase -->
